{
  "stats": {
    "suites": 1,
    "tests": 4,
    "passes": 1,
    "pending": 0,
    "failures": 3,
    "start": "2025-02-06T11:43:30.743Z",
    "end": "2025-02-06T11:49:34.291Z",
    "duration": 363548,
    "testsRegistered": 4,
    "passPercent": 25,
    "pendingPercent": 0,
    "other": 0,
    "hasOther": false,
    "skipped": 0,
    "hasSkipped": false
  },
  "results": [
    {
      "uuid": "b5d5fa87-70cc-44ff-aa0a-dbbb4501eaea",
      "title": "",
      "fullFile": "cypress\\e2e\\Global Tests\\Auth\\Login.cy.ts",
      "file": "cypress\\e2e\\Global Tests\\Auth\\Login.cy.ts",
      "beforeHooks": [],
      "afterHooks": [],
      "tests": [],
      "suites": [
        {
          "uuid": "bbf6e1d8-2cc5-4a33-a36f-f9a491d4b073",
          "title": "Login Scenario Test",
          "fullFile": "",
          "file": "",
          "beforeHooks": [],
          "afterHooks": [],
          "tests": [
            {
              "title": "Login Successful Attempt should login to 3 servers",
              "fullTitle": "Login Scenario Test Login Successful Attempt should login to 3 servers",
              "timedOut": null,
              "duration": 57416,
              "state": "failed",
              "speed": null,
              "pass": false,
              "fail": true,
              "pending": false,
              "context": null,
              "code": "var count = 0;\ncy.intercept(\"**/login\", function () {\n    count += 1;\n});\ncy.wait(5000);\ncy.performLogin();\ncy.wait(5000).then(function () {\n    cy.clearAllDataWithoutCookies();\n    expect(count).to.be.greaterThan(1);\n});",
              "err": {
                "message": "AssertionError: expected 0 to be above 1",
                "estack": "AssertionError: expected 0 to be above 1\n    at Context.eval (webpack://trydos/./cypress/e2e/Global Tests/Auth/Login.cy.ts:19:0)",
                "diff": null
              },
              "uuid": "ef6c8826-e9ac-450a-a99b-9b93751fae9c",
              "parentUUID": "bbf6e1d8-2cc5-4a33-a36f-f9a491d4b073",
              "isHook": false,
              "skipped": false
            },
            {
              "title": "Login UnSuccessful Attempt should show error message to user",
              "fullTitle": "Login Scenario Test Login UnSuccessful Attempt should show error message to user",
              "timedOut": null,
              "duration": 88592,
              "state": "passed",
              "speed": "slow",
              "pass": true,
              "fail": false,
              "pending": false,
              "context": null,
              "code": "cy.wait(60000);\nvar count = 0;\ncy.reload();\ncy.intercept(\"**/login\", function () {\n    count += 1;\n});\ncy.performErrorLogin();\ncy.wait(10000).then(function () {\n    cy.Exist(\"[data-cy=login-close-icon]\").then(function (exist) {\n        if (exist) {\n            cy.get('[data-testid=\"login-close-icon\"]').click({\n                scrollBehavior: false,\n            });\n            expect(count).to.be.equal(0);\n        }\n    });\n});",
              "err": {},
              "uuid": "446ccca7-ed22-44d6-bc3a-f7562498f592",
              "parentUUID": "bbf6e1d8-2cc5-4a33-a36f-f9a491d4b073",
              "isHook": false,
              "skipped": false
            },
            {
              "title": "Login UnSuccessful Attempt when otp code expired should show button for resend otp and resend code and continue to login",
              "fullTitle": "Login Scenario Test Login UnSuccessful Attempt when otp code expired should show button for resend otp and resend code and continue to login",
              "timedOut": null,
              "duration": 87013,
              "state": "failed",
              "speed": null,
              "pass": false,
              "fail": true,
              "pending": false,
              "context": null,
              "code": "cy.wait(10000);\nvar count = 0;\ncy.clearAllDataWithoutCookies();\ncy.intercept(\"**/login\", function () {\n    count += 1;\n});\ncy.wait(10000);\ncy.performExpireOtpLogin();",
              "err": {
                "message": "AssertionError: Timed out retrying after 4000ms: Expected to find element: `.login-button:nth-child(1)`, but never found it.",
                "estack": "AssertionError: Timed out retrying after 4000ms: Expected to find element: `.login-button:nth-child(1)`, but never found it.\n    at Context.eval (webpack://trydos/./cypress/support/commands.ts:176:0)",
                "diff": null
              },
              "uuid": "d4b7503b-3ef6-4dba-be15-163a60d823ea",
              "parentUUID": "bbf6e1d8-2cc5-4a33-a36f-f9a491d4b073",
              "isHook": false,
              "skipped": false
            },
            {
              "title": "Should show user not found when registering with non registered number",
              "fullTitle": "Login Scenario Test Should show user not found when registering with non registered number",
              "timedOut": null,
              "duration": 130244,
              "state": "failed",
              "speed": null,
              "pass": false,
              "fail": true,
              "pending": false,
              "context": null,
              "code": "cy.wait(10000);\ncy.intercept(\"GET\", \"/api/new_v1/phone/verify_otp_singin?*\", function (req) {\n    req.continue(function (res) {\n        // Modify the response body\n        res.body.data.already_exists = false; // Fake email field\n    });\n}).as(\"verifyOtpSignin\");\ncy.Performloginfailure();",
              "err": {
                "message": "AssertionError: Timed out retrying after 4000ms: Expected to find element: `.pincode-input-text:nth-child(1)`, but never found it.",
                "estack": "AssertionError: Timed out retrying after 4000ms: Expected to find element: `.pincode-input-text:nth-child(1)`, but never found it.\n    at eval (webpack://trydos/./cypress/support/commands.ts:85:0)\nat Array.forEach (<anonymous>)\n    at Context.eval (webpack://trydos/./cypress/support/commands.ts:84:0)",
                "diff": null
              },
              "uuid": "a1b4af58-98ad-4178-adb7-db777aeb0186",
              "parentUUID": "bbf6e1d8-2cc5-4a33-a36f-f9a491d4b073",
              "isHook": false,
              "skipped": false
            }
          ],
          "suites": [],
          "passes": [
            "446ccca7-ed22-44d6-bc3a-f7562498f592"
          ],
          "failures": [
            "ef6c8826-e9ac-450a-a99b-9b93751fae9c",
            "d4b7503b-3ef6-4dba-be15-163a60d823ea",
            "a1b4af58-98ad-4178-adb7-db777aeb0186"
          ],
          "pending": [],
          "skipped": [],
          "duration": 363265,
          "root": false,
          "rootEmpty": false,
          "_timeout": 2000
        }
      ],
      "passes": [],
      "failures": [],
      "pending": [],
      "skipped": [],
      "duration": 0,
      "root": true,
      "rootEmpty": true,
      "_timeout": 2000
    }
  ],
  "meta": {
    "mocha": {
      "version": "7.0.1"
    },
    "mochawesome": {
      "options": {
        "quiet": false,
        "reportFilename": "mochawesome",
        "saveHtml": false,
        "saveJson": true,
        "consoleReporter": "spec",
        "useInlineDiffs": false,
        "code": true
      },
      "version": "7.1.3"
    },
    "marge": {
      "options": {
        "embeddedScreenshots": true,
        "html": false,
        "inlineAssets": true,
        "reportDir": "cypress\\reports\\.jsons",
        "charts": true,
        "reportPageTitle": "My Test Suite",
        "overwrite": false,
        "json": true
      },
      "version": "6.2.0"
    }
  }
}